<?xml version="1.0" encoding="UTF-8"?>
<testsuite xmlns:xsi="http://www.w3.org/2001/XMLSchema-instance" xsi:noNamespaceSchemaLocation="https://maven.apache.org/surefire/maven-surefire-plugin/xsd/surefire-test-report.xsd" name="com.infoshareacademy.junit.task2.FizzBuzzTest" time="0.116" tests="25" errors="0" skipped="0" failures="0">
  <properties>
    <property name="sun.desktop" value="gnome"/>
    <property name="awt.toolkit" value="sun.awt.X11.XToolkit"/>
    <property name="file.encoding.pkg" value="sun.io"/>
    <property name="java.specification.version" value="1.8"/>
    <property name="sun.cpu.isalist" value=""/>
    <property name="sun.jnu.encoding" value="UTF-8"/>
    <property name="java.class.path" value="/home/kalka/junit/target/test-classes:/home/kalka/junit/target/classes:/home/kalka/.m2/repository/org/junit/jupiter/junit-jupiter-engine/5.4.0/junit-jupiter-engine-5.4.0.jar:/home/kalka/.m2/repository/org/apiguardian/apiguardian-api/1.0.0/apiguardian-api-1.0.0.jar:/home/kalka/.m2/repository/org/junit/platform/junit-platform-engine/1.4.0/junit-platform-engine-1.4.0.jar:/home/kalka/.m2/repository/org/opentest4j/opentest4j/1.1.1/opentest4j-1.1.1.jar:/home/kalka/.m2/repository/org/junit/platform/junit-platform-commons/1.4.0/junit-platform-commons-1.4.0.jar:/home/kalka/.m2/repository/org/junit/jupiter/junit-jupiter-api/5.4.0/junit-jupiter-api-5.4.0.jar:/home/kalka/.m2/repository/org/junit/jupiter/junit-jupiter-params/5.4.0/junit-jupiter-params-5.4.0.jar:"/>
    <property name="java.vm.vendor" value="Oracle Corporation"/>
    <property name="sun.arch.data.model" value="64"/>
    <property name="java.vendor.url" value="http://java.oracle.com/"/>
    <property name="user.timezone" value=""/>
    <property name="java.vm.specification.version" value="1.8"/>
    <property name="os.name" value="Linux"/>
    <property name="user.country" value="PL"/>
    <property name="sun.java.launcher" value="SUN_STANDARD"/>
    <property name="sun.boot.library.path" value="/usr/lib/jvm/java-8-oracle/jre/lib/amd64"/>
    <property name="sun.java.command" value="/home/kalka/junit/target/surefire/surefirebooter2176381741309872330.jar /home/kalka/junit/target/surefire 2019-03-03T19-43-01_477-jvmRun1 surefire7500427753532728978tmp surefire_06312538337536594043tmp"/>
    <property name="surefire.test.class.path" value="/home/kalka/junit/target/test-classes:/home/kalka/junit/target/classes:/home/kalka/.m2/repository/org/junit/jupiter/junit-jupiter-engine/5.4.0/junit-jupiter-engine-5.4.0.jar:/home/kalka/.m2/repository/org/apiguardian/apiguardian-api/1.0.0/apiguardian-api-1.0.0.jar:/home/kalka/.m2/repository/org/junit/platform/junit-platform-engine/1.4.0/junit-platform-engine-1.4.0.jar:/home/kalka/.m2/repository/org/opentest4j/opentest4j/1.1.1/opentest4j-1.1.1.jar:/home/kalka/.m2/repository/org/junit/platform/junit-platform-commons/1.4.0/junit-platform-commons-1.4.0.jar:/home/kalka/.m2/repository/org/junit/jupiter/junit-jupiter-api/5.4.0/junit-jupiter-api-5.4.0.jar:/home/kalka/.m2/repository/org/junit/jupiter/junit-jupiter-params/5.4.0/junit-jupiter-params-5.4.0.jar:"/>
    <property name="sun.cpu.endian" value="little"/>
    <property name="user.home" value="/home/kalka"/>
    <property name="user.language" value="pl"/>
    <property name="java.specification.vendor" value="Oracle Corporation"/>
    <property name="java.home" value="/usr/lib/jvm/java-8-oracle/jre"/>
    <property name="basedir" value="/home/kalka/junit"/>
    <property name="file.separator" value="/"/>
    <property name="line.separator" value="&#10;"/>
    <property name="java.vm.specification.vendor" value="Oracle Corporation"/>
    <property name="java.specification.name" value="Java Platform API Specification"/>
    <property name="java.awt.graphicsenv" value="sun.awt.X11GraphicsEnvironment"/>
    <property name="surefire.real.class.path" value="/home/kalka/junit/target/surefire/surefirebooter2176381741309872330.jar"/>
    <property name="sun.boot.class.path" value="/usr/lib/jvm/java-8-oracle/jre/lib/resources.jar:/usr/lib/jvm/java-8-oracle/jre/lib/rt.jar:/usr/lib/jvm/java-8-oracle/jre/lib/sunrsasign.jar:/usr/lib/jvm/java-8-oracle/jre/lib/jsse.jar:/usr/lib/jvm/java-8-oracle/jre/lib/jce.jar:/usr/lib/jvm/java-8-oracle/jre/lib/charsets.jar:/usr/lib/jvm/java-8-oracle/jre/lib/jfr.jar:/usr/lib/jvm/java-8-oracle/jre/classes"/>
    <property name="sun.management.compiler" value="HotSpot 64-Bit Tiered Compilers"/>
    <property name="java.runtime.version" value="1.8.0_181-b13"/>
    <property name="user.name" value="kalka"/>
    <property name="path.separator" value=":"/>
    <property name="os.version" value="4.15.0-45-generic"/>
    <property name="java.endorsed.dirs" value="/usr/lib/jvm/java-8-oracle/jre/lib/endorsed"/>
    <property name="java.runtime.name" value="Java(TM) SE Runtime Environment"/>
    <property name="file.encoding" value="UTF-8"/>
    <property name="java.vm.name" value="Java HotSpot(TM) 64-Bit Server VM"/>
    <property name="localRepository" value="/home/kalka/.m2/repository"/>
    <property name="java.vendor.url.bug" value="http://bugreport.sun.com/bugreport/"/>
    <property name="java.io.tmpdir" value="/tmp"/>
    <property name="idea.version" value="2018.2.2"/>
    <property name="java.version" value="1.8.0_181"/>
    <property name="user.dir" value="/home/kalka/junit"/>
    <property name="os.arch" value="amd64"/>
    <property name="java.vm.specification.name" value="Java Virtual Machine Specification"/>
    <property name="java.awt.printerjob" value="sun.print.PSPrinterJob"/>
    <property name="sun.os.patch.level" value="unknown"/>
    <property name="java.library.path" value="/usr/java/packages/lib/amd64:/usr/lib64:/lib64:/lib:/usr/lib"/>
    <property name="java.vm.info" value="mixed mode"/>
    <property name="java.vendor" value="Oracle Corporation"/>
    <property name="java.vm.version" value="25.181-b13"/>
    <property name="java.ext.dirs" value="/usr/lib/jvm/java-8-oracle/jre/lib/ext:/usr/java/packages/lib/ext"/>
    <property name="sun.io.unicode.encoding" value="UnicodeLittle"/>
    <property name="java.class.version" value="52.0"/>
  </properties>
  <testcase name="shouldReturnIntValue" classname="com.infoshareacademy.junit.task2.FizzBuzzTest" time="0"/>
  <testcase name="shouldReturnExpectedValue{int, String}[1]" classname="com.infoshareacademy.junit.task2.FizzBuzzTest" time="0.021"/>
  <testcase name="shouldReturnExpectedValue{int, String}[2]" classname="com.infoshareacademy.junit.task2.FizzBuzzTest" time="0.001"/>
  <testcase name="shouldReturnExpectedValue{int, String}[3]" classname="com.infoshareacademy.junit.task2.FizzBuzzTest" time="0"/>
  <testcase name="shouldReturnExpectedValue{int, String}[4]" classname="com.infoshareacademy.junit.task2.FizzBuzzTest" time="0"/>
  <testcase name="shouldReturnExpectedValueFromCSV{int, String}[1]" classname="com.infoshareacademy.junit.task2.FizzBuzzTest" time="0.001"/>
  <testcase name="shouldReturnExpectedValueFromCSV{int, String}[2]" classname="com.infoshareacademy.junit.task2.FizzBuzzTest" time="0.001"/>
  <testcase name="shouldReturnExpectedValueFromCSV{int, String}[3]" classname="com.infoshareacademy.junit.task2.FizzBuzzTest" time="0.001"/>
  <testcase name="shouldReturnExpectedValueFromCSV{int, String}[4]" classname="com.infoshareacademy.junit.task2.FizzBuzzTest" time="0"/>
  <testcase name="shouldReturnExpectedValueFromCSV{int, String}[5]" classname="com.infoshareacademy.junit.task2.FizzBuzzTest" time="0.001"/>
  <testcase name="shouldReturnExpectedValueFromCSV{int, String}[6]" classname="com.infoshareacademy.junit.task2.FizzBuzzTest" time="0.001"/>
  <testcase name="shouldReturnBuzz" classname="com.infoshareacademy.junit.task2.FizzBuzzTest" time="0"/>
  <testcase name="shouldReturnFizz" classname="com.infoshareacademy.junit.task2.FizzBuzzTest" time="0.001"/>
  <testcase name="verifyIfReturnBuzzWhenDdivisableByThree{int}[1]" classname="com.infoshareacademy.junit.task2.FizzBuzzTest" time="0.001"/>
  <testcase name="verifyIfReturnBuzzWhenDdivisableByThree{int}[2]" classname="com.infoshareacademy.junit.task2.FizzBuzzTest" time="0.001"/>
  <testcase name="verifyIfReturnBuzzWhenDdivisableByThree{int}[3]" classname="com.infoshareacademy.junit.task2.FizzBuzzTest" time="0"/>
  <testcase name="verifyIfReturnBuzzWhenDdivisableByThree{int}[4]" classname="com.infoshareacademy.junit.task2.FizzBuzzTest" time="0"/>
  <testcase name="shouldThrowExceptionForNumberBellowZero" classname="com.infoshareacademy.junit.task2.FizzBuzzTest" time="0.002"/>
  <testcase name="shouldReturnFizzBuzz" classname="com.infoshareacademy.junit.task2.FizzBuzzTest" time="0"/>
  <testcase name="shouldThrowExceptionForNumberEqualsZero" classname="com.infoshareacademy.junit.task2.FizzBuzzTest" time="0.001"/>
  <testcase name="shouldReturnBuzzWhenDivisableBy5{int}[1]" classname="com.infoshareacademy.junit.task2.FizzBuzzTest" time="0.001"/>
  <testcase name="shouldReturnBuzzWhenDivisableBy5{int}[2]" classname="com.infoshareacademy.junit.task2.FizzBuzzTest" time="0"/>
  <testcase name="shouldReturnBuzzWhenDivisableBy5{int}[3]" classname="com.infoshareacademy.junit.task2.FizzBuzzTest" time="0.002"/>
  <testcase name="shouldReturnBuzzWhenDivisableBy5{int}[4]" classname="com.infoshareacademy.junit.task2.FizzBuzzTest" time="0.001"/>
  <testcase name="shouldReturnBuzzWhenDivisableBy5{int}[5]" classname="com.infoshareacademy.junit.task2.FizzBuzzTest" time="0.001"/>
</testsuite>